TN:
SF:lib/core/network/interceptors/interceptors.dart
FNF:0
FNH:0
DA:7,0
DA:9,0
DA:12,0
DA:17,0
DA:19,0
DA:22,0
DA:27,0
DA:28,0
LF:8
LH:0
end_of_record
TN:
SF:lib/core/network/network_util/error_handler.dart
FNF:0
FNH:0
DA:3,0
DA:4,0
DA:5,0
DA:8,0
DA:9,0
DA:12,0
DA:13,0
DA:14,0
DA:15,0
DA:16,0
DA:17,0
DA:18,0
DA:19,0
DA:20,0
DA:21,0
DA:22,0
DA:23,0
DA:24,0
DA:26,0
DA:30,0
DA:32,0
DA:34,0
DA:35,0
DA:36,0
LF:24
LH:0
end_of_record
TN:
SF:lib/core/network/proxy/http_proxy_impl.dart
FNF:0
FNH:0
DA:9,0
DA:10,0
DA:11,0
DA:12,0
DA:13,0
DA:14,0
DA:17,0
DA:18,0
LF:8
LH:0
end_of_record
TN:
SF:lib/features/feat_one/data/datasource/feat_one_datasource_impl.dart
FNF:0
FNH:0
DA:11,1
DA:13,1
DA:16,5
DA:18,2
LF:4
LH:4
end_of_record
TN:
SF:lib/features/feat_one/data/mapper/feat_one_mappers.dart
FNF:0
FNH:0
DA:7,1
DA:8,1
DA:9,1
DA:10,1
DA:16,1
DA:17,1
DA:18,1
DA:19,1
DA:20,1
LF:9
LH:9
end_of_record
TN:
SF:lib/features/feat_one/data/models/fetch_data_test_model.dart
FNF:0
FNH:0
DA:6,2
DA:9,1
DA:10,1
DA:11,1
DA:12,1
DA:13,1
LF:6
LH:6
end_of_record
TN:
SF:lib/features/feat_one/data/models/request_data_model.dart
FNF:0
FNH:0
DA:5,2
LF:1
LH:1
end_of_record
TN:
SF:lib/features/feat_one/data/repository/feat_one_repository_impl.dart
FNF:0
FNH:0
DA:12,1
DA:14,1
DA:18,3
DA:20,1
LF:4
LH:4
end_of_record
TN:
SF:lib/features/feat_one/domain/entities/data_test_entity.dart
FNF:0
FNH:0
DA:6,3
LF:1
LH:1
end_of_record
TN:
SF:lib/features/feat_one/domain/entities/request_data_entity.dart
FNF:0
FNH:0
DA:5,3
LF:1
LH:1
end_of_record
TN:
SF:lib/features/feat_one/domain/use_cases/fetch_data_use_case.dart
FNF:0
FNH:0
DA:11,1
DA:13,1
DA:15,2
LF:3
LH:3
end_of_record
TN:
SF:lib/features/feat_one/presentation/bloc/feat_one_bloc.dart
FNF:0
FNH:0
DA:16,2
DA:17,2
DA:18,1
DA:22,1
DA:26,1
DA:29,3
DA:31,2
DA:32,1
DA:33,3
DA:35,1
LF:10
LH:10
end_of_record
